<?xml version="1.0" encoding="UTF-8"?>
<!-- Generated by org.testng.reporters.JUnitXMLReporter -->
<testsuite hostname="nycpusagolube.local" name="New Account" tests="1" failures="1" timestamp="22 May 2014 19:38:51 GMT" time="27.117" errors="0">
  <testcase name="testMe" time="27.106" classname="test.nestle.CreateNewAccount.Firefox">
    <failure type="java.lang.ClassCastException" message="org.openqa.selenium.remote.RemoteWebDriver cannot be cast to org.openqa.selenium.TakesScreenshot">
      <![CDATA[java.lang.ClassCastException: org.openqa.selenium.remote.RemoteWebDriver cannot be cast to org.openqa.selenium.TakesScreenshot
	at test.nestle.CreateNewAccount.Firefox.testMe(Firefox.java:95)
	at org.apache.maven.surefire.testng.TestNGExecutor.run(TestNGExecutor.java:122)
	at org.apache.maven.surefire.testng.TestNGXmlTestSuite.execute(TestNGXmlTestSuite.java:92)
	at org.apache.maven.surefire.testng.TestNGProvider.invoke(TestNGProvider.java:101)
	at org.apache.maven.surefire.util.ReflectionUtils.invokeMethodWithArray(ReflectionUtils.java:164)
	at org.apache.maven.surefire.booter.ProviderFactory$ProviderProxy.invoke(ProviderFactory.java:110)
	at org.apache.maven.surefire.booter.SurefireStarter.invokeProvider(SurefireStarter.java:175)
	at org.apache.maven.surefire.booter.SurefireStarter.runSuitesInProcessWhenForked(SurefireStarter.java:107)
	at org.apache.maven.surefire.booter.ForkedBooter.main(ForkedBooter.java:68)
... Removed 4 stack frames]]>
    </failure>
  </testcase>
</testsuite>
