<?xml version="1.0" encoding="UTF-8"?>
<testng-results skipped="0" failed="1" total="1" passed="0">
  <reporter-output>
  </reporter-output>
  <suite name="Default suite" duration-ms="30" started-at="2014-05-22T17:57:54Z" finished-at="2014-05-22T17:57:55Z">
    <groups>
      <group name="Tablet">
        <method signature="ContactFormTablet.testMe(java.lang.String)[pri:0, instance:com.nestle.test.ContactFormTablet@6f7d262b]" name="testMe" class="com.nestle.test.ContactFormTablet"/>
      </group> <!-- Tablet -->
    </groups>
    <test name="Default test" duration-ms="30" started-at="2014-05-22T17:57:54Z" finished-at="2014-05-22T17:57:55Z">
      <class name="com.nestle.test.ContactFormTablet">
        <test-method status="PASS" signature="beforeClass()[pri:0, instance:com.nestle.test.ContactFormTablet@6f7d262b]" name="beforeClass" is-config="true" duration-ms="8" started-at="2014-05-22T13:57:54Z" finished-at="2014-05-22T13:57:54Z">
          <reporter-output>
          </reporter-output>
        </test-method> <!-- beforeClass -->
        <test-method status="FAIL" signature="testMe(java.lang.String)[pri:0, instance:com.nestle.test.ContactFormTablet@6f7d262b]" name="testMe" duration-ms="0" started-at="2014-05-22T13:57:55Z" finished-at="2014-05-22T13:57:55Z">
          <exception class="org.testng.TestNGException">
            <message>
              <![CDATA[
Parameter 'param' is required by @Test on method testMe but has not been marked @Optional or defined
in /private/var/folders/gd/k5lsk02s4gdbr4f350qydgwnxp8pg6/T/testng-eclipse-1383908427/testng-customsuite.xml]]>
            </message>
            <full-stacktrace>
              <![CDATA[org.testng.TestNGException: 
Parameter 'param' is required by @Test on method testMe but has not been marked @Optional or defined
in /private/var/folders/gd/k5lsk02s4gdbr4f350qydgwnxp8pg6/T/testng-eclipse-1383908427/testng-customsuite.xml
	at org.testng.internal.Parameters.createParameters(Parameters.java:155)
	at org.testng.internal.Parameters.createParameters(Parameters.java:358)
	at org.testng.internal.Parameters.handleParameters(Parameters.java:450)
	at org.testng.internal.Invoker.handleParameters(Invoker.java:1383)
	at org.testng.internal.Invoker.createParameters(Invoker.java:1075)
	at org.testng.internal.Invoker.invokeTestMethods(Invoker.java:1180)
	at org.testng.internal.TestMethodWorker.invokeTestMethods(TestMethodWorker.java:127)
	at org.testng.internal.TestMethodWorker.run(TestMethodWorker.java:111)
	at org.testng.TestRunner.privateRun(TestRunner.java:767)
	at org.testng.TestRunner.run(TestRunner.java:617)
	at org.testng.SuiteRunner.runTest(SuiteRunner.java:334)
	at org.testng.SuiteRunner.runSequentially(SuiteRunner.java:329)
	at org.testng.SuiteRunner.privateRun(SuiteRunner.java:291)
	at org.testng.SuiteRunner.run(SuiteRunner.java:240)
	at org.testng.SuiteRunnerWorker.runSuite(SuiteRunnerWorker.java:52)
	at org.testng.SuiteRunnerWorker.run(SuiteRunnerWorker.java:86)
	at org.testng.TestNG.runSuitesSequentially(TestNG.java:1224)
	at org.testng.TestNG.runSuitesLocally(TestNG.java:1149)
	at org.testng.TestNG.run(TestNG.java:1057)
	at org.testng.remote.RemoteTestNG.run(RemoteTestNG.java:111)
	at org.testng.remote.RemoteTestNG.initAndRun(RemoteTestNG.java:204)
	at org.testng.remote.RemoteTestNG.main(RemoteTestNG.java:175)
]]>
            </full-stacktrace>
          </exception> <!-- org.testng.TestNGException -->
          <reporter-output>
          </reporter-output>
        </test-method> <!-- testMe -->
        <test-method status="PASS" signature="afterClass()[pri:0, instance:com.nestle.test.ContactFormTablet@6f7d262b]" name="afterClass" is-config="true" duration-ms="1" started-at="2014-05-22T13:57:55Z" finished-at="2014-05-22T13:57:55Z">
          <reporter-output>
          </reporter-output>
        </test-method> <!-- afterClass -->
        <test-method status="PASS" signature="afterTest()[pri:0, instance:com.nestle.test.ContactFormTablet@6f7d262b]" name="afterTest" is-config="true" duration-ms="1" started-at="2014-05-22T13:57:55Z" finished-at="2014-05-22T13:57:55Z">
          <reporter-output>
          </reporter-output>
        </test-method> <!-- afterTest -->
      </class> <!-- com.nestle.test.ContactFormTablet -->
    </test> <!-- Default test -->
  </suite> <!-- Default suite -->
</testng-results>
